<?xml version="1.0" encoding="UTF-8"?>
<!-- Generated by org.testng.reporters.JUnitReportReporter -->
<testsuite skipped="0" hostname="DESKTOP-C37E15E" name="SpiceTest.SpiceJet.SpTest" tests="1" failures="0" timestamp="30 Aug 2020 09:59:57 GMT" time="37.385" errors="0">
  <testcase name="cases" time="37.385" classname="SpiceTest.SpiceJet.SpTest"/>
</testsuite> <!-- SpiceTest.SpiceJet.SpTest -->
